#
# There is insufficient memory for the Java Runtime Environment to continue.
# Native memory allocation (malloc) failed to allocate 1048576 bytes for AllocateHeap
# Possible reasons:
#   The system is out of physical RAM or swap space
#   In 32 bit mode, the process size limit was hit
# Possible solutions:
#   Reduce memory load on the system
#   Increase physical memory or swap space
#   Check if swap backing store is full
#   Use 64 bit Java on a 64 bit OS
#   Decrease Java heap size (-Xmx/-Xms)
#   Decrease number of Java threads
#   Decrease Java thread stack sizes (-Xss)
#   Set larger code cache with -XX:ReservedCodeCacheSize=
# This output file may be truncated or incomplete.
#
#  Out of Memory Error (memory/allocation.inline.hpp:61), pid=6248, tid=0x000000000000613c
#
# JRE version:  (8.0_181-b13) (build )
# Java VM: Java HotSpot(TM) 64-Bit Server VM (25.181-b13 mixed mode windows-amd64 compressed oops)
# Failed to write core dump. Minidumps are not enabled by default on client versions of Windows
#

---------------  T H R E A D  ---------------

Current thread (0x0000000002bd3000):  JavaThread "Unknown thread" [_thread_in_vm, id=24892, stack(0x0000000002580000,0x0000000002680000)]

Stack: [0x0000000002580000,0x0000000002680000]
[error occurred during error reporting (printing stack bounds), id 0xc0000005]

Native frames: (J=compiled Java code, j=interpreted, Vv=VM code, C=native code)


---------------  P R O C E S S  ---------------

Java Threads: ( => current thread )

Other Threads:

=>0x0000000002bd3000 (exited) JavaThread "Unknown thread" [_thread_in_vm, id=24892, stack(0x0000000002580000,0x0000000002680000)]

VM state:not at safepoint (normal execution)

VM Mutex/Monitor currently owned by a thread: None

Heap:
 PSYoungGen      total 56832K, used 983K [0x0000000781100000, 0x0000000785000000, 0x00000007c0000000)
  eden space 49152K, 2% used [0x0000000781100000,0x00000007811f5c38,0x0000000784100000)
  from space 7680K, 0% used [0x0000000784880000,0x0000000784880000,0x0000000785000000)
  to   space 7680K, 0% used [0x0000000784100000,0x0000000784100000,0x0000000784880000)
 ParOldGen       total 130048K, used 0K [0x0000000703200000, 0x000000070b100000, 0x0000000781100000)
  object space 130048K, 0% used [0x0000000703200000,0x0000000703200000,0x000000070b100000)
 Metaspace       used 775K, capacity 4480K, committed 4480K, reserved 1056768K
  class space    used 76K, capacity 384K, committed 384K, reserved 1048576K

Card table byte_map: [0x0000000012090000,0x0000000012680000] byte_map_base: 0x000000000e877000

Marking Bits: (ParMarkBitMap*) 0x000000005ee32d00
 Begin Bits: [0x0000000013270000, 0x00000000161a8000)
 End Bits:   [0x00000000161a8000, 0x00000000190e0000)

Polling page: 0x0000000002560000

CodeCache: size=245760Kb used=328Kb max_used=328Kb free=245431Kb
 bounds [0x0000000002cd0000, 0x0000000002f40000, 0x0000000011cd0000]
 total_blobs=58 nmethods=0 adapters=38
 compilation: enabled

Compilation events (0 events):
No events

GC Heap History (0 events):
No events

Deoptimization events (0 events):
No events

Classes redefined (0 events):
No events

Internal exceptions (0 events):
No events

Events (10 events):
Event: 0.021 loading class java/lang/Short
Event: 0.021 loading class java/lang/Short done
Event: 0.021 loading class java/lang/Integer
Event: 0.021 loading class java/lang/Integer done
Event: 0.022 loading class java/lang/Long
Event: 0.022 loading class java/lang/Long done
Event: 0.022 loading class java/lang/NullPointerException
Event: 0.022 loading class java/lang/NullPointerException done
Event: 0.022 loading class java/lang/ArithmeticException
Event: 0.022 loading class java/lang/ArithmeticException done


Dynamic libraries:
0x00007ff6bd1b0000 - 0x00007ff6bd1e7000 	C:\Program Files\Java\jdk1.8.0_181\bin\java.exe
0x00007ffe09300000 - 0x00007ffe094f0000 	C:\Windows\SYSTEM32\ntdll.dll
0x00007ffe07590000 - 0x00007ffe07642000 	C:\Windows\System32\KERNEL32.DLL
0x00007ffe06470000 - 0x00007ffe06714000 	C:\Windows\System32\KERNELBASE.dll
0x00007ffe082c0000 - 0x00007ffe08363000 	C:\Windows\System32\ADVAPI32.dll
0x00007ffe074f0000 - 0x00007ffe0758e000 	C:\Windows\System32\msvcrt.dll
0x00007ffe07650000 - 0x00007ffe076e7000 	C:\Windows\System32\sechost.dll
0x00007ffe09030000 - 0x00007ffe09150000 	C:\Windows\System32\RPCRT4.dll
0x00007ffe07940000 - 0x00007ffe07ad4000 	C:\Windows\System32\USER32.dll
0x00007ffe07280000 - 0x00007ffe072a1000 	C:\Windows\System32\win32u.dll
0x00007ffe076f0000 - 0x00007ffe07716000 	C:\Windows\System32\GDI32.dll
0x00007ffe07060000 - 0x00007ffe071f6000 	C:\Windows\System32\gdi32full.dll
0x00007ffe06280000 - 0x00007ffe0631e000 	C:\Windows\System32\msvcp_win.dll
0x00007ffe072b0000 - 0x00007ffe073aa000 	C:\Windows\System32\ucrtbase.dll
0x00007ffde9020000 - 0x00007ffde92a4000 	C:\Windows\WinSxS\amd64_microsoft.windows.common-controls_6595b64144ccf1df_6.0.18362.959_none_e6c7bbbf130c62bb\COMCTL32.dll
0x00007ffe08440000 - 0x00007ffe08775000 	C:\Windows\System32\combase.dll
0x00007ffe07200000 - 0x00007ffe07280000 	C:\Windows\System32\bcryptPrimitives.dll
0x00007ffe08060000 - 0x00007ffe0808e000 	C:\Windows\System32\IMM32.DLL
0x0000000060c70000 - 0x0000000060d42000 	C:\Program Files\Java\jdk1.8.0_181\jre\bin\msvcr100.dll
0x000000005e610000 - 0x000000005eeb2000 	C:\Program Files\Java\jdk1.8.0_181\jre\bin\server\jvm.dll
0x00007ffe092b0000 - 0x00007ffe092b8000 	C:\Windows\System32\PSAPI.DLL
0x00007ffdfc9b0000 - 0x00007ffdfc9b9000 	C:\Windows\SYSTEM32\WSOCK32.dll
0x00007ffdf6880000 - 0x00007ffdf68a4000 	C:\Windows\SYSTEM32\WINMM.dll
0x00007ffdfd030000 - 0x00007ffdfd03a000 	C:\Windows\SYSTEM32\VERSION.dll
0x00007ffe09240000 - 0x00007ffe092af000 	C:\Windows\System32\WS2_32.dll
0x00007ffdf6850000 - 0x00007ffdf687d000 	C:\Windows\SYSTEM32\winmmbase.dll
0x00007ffe06740000 - 0x00007ffe0678a000 	C:\Windows\System32\cfgmgr32.dll
0x0000000060c60000 - 0x0000000060c6f000 	C:\Program Files\Java\jdk1.8.0_181\jre\bin\verify.dll
0x0000000060c30000 - 0x0000000060c59000 	C:\Program Files\Java\jdk1.8.0_181\jre\bin\java.dll
0x0000000060b30000 - 0x0000000060b53000 	C:\Program Files\Java\jdk1.8.0_181\jre\bin\instrument.dll
0x0000000060c10000 - 0x0000000060c26000 	C:\Program Files\Java\jdk1.8.0_181\jre\bin\zip.dll

VM Arguments:
jvm_args: -javaagent:E:\IntelliJ IDEA 2020.1\lib\idea_rt.jar=62169:E:\IntelliJ IDEA 2020.1\bin -Dfile.encoding=UTF-8 
java_command: PatternTest
java_class_path (initial): C:\Program Files\Java\jdk1.8.0_181\jre\lib\charsets.jar;C:\Program Files\Java\jdk1.8.0_181\jre\lib\deploy.jar;C:\Program Files\Java\jdk1.8.0_181\jre\lib\ext\access-bridge-64.jar;C:\Program Files\Java\jdk1.8.0_181\jre\lib\ext\cldrdata.jar;C:\Program Files\Java\jdk1.8.0_181\jre\lib\ext\dnsns.jar;C:\Program Files\Java\jdk1.8.0_181\jre\lib\ext\jaccess.jar;C:\Program Files\Java\jdk1.8.0_181\jre\lib\ext\jfxrt.jar;C:\Program Files\Java\jdk1.8.0_181\jre\lib\ext\localedata.jar;C:\Program Files\Java\jdk1.8.0_181\jre\lib\ext\nashorn.jar;C:\Program Files\Java\jdk1.8.0_181\jre\lib\ext\sunec.jar;C:\Program Files\Java\jdk1.8.0_181\jre\lib\ext\sunjce_provider.jar;C:\Program Files\Java\jdk1.8.0_181\jre\lib\ext\sunmscapi.jar;C:\Program Files\Java\jdk1.8.0_181\jre\lib\ext\sunpkcs11.jar;C:\Program Files\Java\jdk1.8.0_181\jre\lib\ext\zipfs.jar;C:\Program Files\Java\jdk1.8.0_181\jre\lib\javaws.jar;C:\Program Files\Java\jdk1.8.0_181\jre\lib\jce.jar;C:\Program Files\Java\jdk1.8.0_181\jre\lib\jfr.jar;C:\Program Files\Java\jdk1.8.0_181\jre\lib\jfxswt.jar;C:\Program Files\Java\jdk1.8.0_181\jre\lib\jsse.jar;C:\Program Files\Java\jdk1.8.0_181\jre\lib\management-agent.jar;C:\Program Files\Java\jdk1.8.0_181\jre\lib\plugin.jar;C:\Program Files\Java\jdk1.8.0_181\jre\lib\resources.jar;C:\Program Files\Java\jdk1.8.0_181\jre\lib\rt.jar;D:\ʵϰ\test\out\production\test;E:\IntelliJ IDEA 2020.1\lib\idea_rt.jar
Launcher Type: SUN_STANDARD

Environment Variables:
JAVA_HOME=C:\Program Files\Java\jdk1.8.0_181
PATH=C:\Program Files (x86)\Common Files\Intel\Shared Libraries\redist\intel64\compiler;C:\Program Files (x86)\NetSarang\Xshell 6\;C:\Program Files\NVIDIA GPU Computing Toolkit\CUDA\v9.0\bin;C:\Program Files\NVIDIA GPU Computing Toolkit\CUDA\v9.0\libnvvp;C:\Program Files (x86)\Common Files\Oracle\Java\javapath;C:\Windows\system32;C:\Windows;C:\Windows\System32\Wbem;C:\Windows\System32\WindowsPowerShell\v1.0\;C:\Windows\System32\OpenSSH\;C:\Program Files (x86)\NVIDIA Corporation\PhysX\Common;C:\Program Files\NVIDIA Corporation\NVIDIA NvDLISR;C:\Program Files\nodejs\;E:\matlab\bin;E:\Git\cmd;E:\Maven\apache-maven-3.6.3\bin;C:\Program Files\Java\jdk1.8.0_181;C:\Users\g\AppData\Roaming\Python\Python36\Scripts;C:\Users\g\Anaconda3;C:\Users\g\Anaconda3\Scripts;C:\Users\g\AppData\Roaming\npm;C:\Program Files\Java\jdk1.8.0_181\bin;E:\erl10.6\bin;D:\gradle-6.5\bin;E:\Microsoft VS Code\bin;C:\Users\g\AppData\Local\GitHubDesktop\bin;E:\curl-7.71.1;
USERNAME=g
OS=Windows_NT
PROCESSOR_IDENTIFIER=Intel64 Family 6 Model 142 Stepping 12, GenuineIntel



---------------  S Y S T E M  ---------------

OS: Windows 10.0 , 64 bit Build 18362 (10.0.18362.959)

CPU:total 8 (initial active 8) (4 cores per cpu, 2 threads per core) family 6 model 142 stepping 12, cmov, cx8, fxsr, mmx, sse, sse2, sse3, ssse3, sse4.1, sse4.2, popcnt, avx, avx2, aes, clmul, erms, 3dnowpref, lzcnt, ht, tsc, tscinvbit, bmi1, bmi2, adx

Memory: 4k page, physical 12377140k(1033724k free), swap 25487152k(5664k free)

vm_info: Java HotSpot(TM) 64-Bit Server VM (25.181-b13) for windows-amd64 JRE (1.8.0_181-b13), built on Jul  7 2018 04:01:33 by "java_re" with MS VC++ 10.0 (VS2010)

time: Wed Jul 29 17:54:03 2020
elapsed time: 0 seconds (0d 0h 0m 0s)

